<?xml version="1.0" encoding="UTF-8"?>
<!-- Generated by org.testng.reporters.JUnitReportReporter -->
<testsuite skipped="0" hostname="NBQSP-FC360" name="eliazarcs.com.starwars.api.repository.UserRepositoryTests" tests="3" failures="0" timestamp="2019-12-06T17:10:35 BRST" time="0.135" errors="0">
  <testcase name="findAllByOrderByNameAsc_defaultUsersTest" time="0.078" classname="eliazarcs.com.starwars.api.repository.UserRepositoryTests"/>
  <testcase name="findByCpf" time="0.026" classname="eliazarcs.com.starwars.api.repository.UserRepositoryTests"/>
  <testcase name="findAllByOrderByNameAsc_noUsers" time="0.031" classname="eliazarcs.com.starwars.api.repository.UserRepositoryTests"/>
</testsuite> <!-- eliazarcs.com.starwars.api.repository.UserRepositoryTests -->
