<?xml version="1.0" encoding="UTF-8"?>
<!-- Generated by org.testng.reporters.JUnitReportReporter -->
<testsuite skipped="0" hostname="NBQSP-FC360" name="eliazarcs.com.starwars.api.service.StarWarServiceTests" tests="6" failures="0" timestamp="2019-12-06T18:51:24 BRST" time="32.775" errors="0">
  <testcase name="findByCpf" time="0.051" classname="eliazarcs.com.starwars.api.service.StarWarServiceTests"/>
  <testcase name="findAllUsers" time="0.004" classname="eliazarcs.com.starwars.api.service.StarWarServiceTests"/>
  <testcase name="findProfiles" time="0.007" classname="eliazarcs.com.starwars.api.service.StarWarServiceTests"/>
  <testcase name="loadUserByUsername" time="0.017" classname="eliazarcs.com.starwars.api.service.StarWarServiceTests"/>
  <testcase name="findMovieCharacterById" time="7.684" classname="eliazarcs.com.starwars.api.service.StarWarServiceTests"/>
  <testcase name="findHumanMovieCharacter" time="25.012" classname="eliazarcs.com.starwars.api.service.StarWarServiceTests"/>
</testsuite> <!-- eliazarcs.com.starwars.api.service.StarWarServiceTests -->
