<?xml version="1.0" encoding="UTF-8"?>
<!-- Generated by org.testng.reporters.JUnitReportReporter -->
<testsuite skipped="0" hostname="NBQSP-FC360" name="eliazarcs.com.starwars.api.repository.UserRepositorySuiteTest" tests="1" failures="0" timestamp="2019-12-06T16:47:31 BRST" time="18.419" errors="0">
  <testcase name="findAllByOrderByNameAsc" time="18.419" classname="eliazarcs.com.starwars.api.repository.UserRepositorySuiteTest"/>
</testsuite> <!-- eliazarcs.com.starwars.api.repository.UserRepositorySuiteTest -->
